# JRE version: Java(TM) SE Runtime Environment (8.0_221-b11) (build 1.8.0_221-b11)
# Java VM: Java HotSpot(TM) 64-Bit Server VM (25.221-b11 mixed mode windows-amd64 compressed oops)
Heap:
 PSYoungGen      total 291328K, used 123193K [0x00000000d5580000, 0x00000000e8f80000, 0x0000000100000000)
  eden space 264192K, 38% used [0x00000000d5580000,0x00000000dba136c8,0x00000000e5780000)
  from space 27136K, 74% used [0x00000000e7500000,0x00000000e88bb098,0x00000000e8f80000)
  to   space 28672K, 0% used [0x00000000e5780000,0x00000000e5780000,0x00000000e7380000)
 ParOldGen       total 207360K, used 64671K [0x0000000080000000, 0x000000008ca80000, 0x00000000d5580000)
  object space 207360K, 31% used [0x0000000080000000,0x0000000083f27f68,0x000000008ca80000)
 Metaspace       used 80726K, capacity 84920K, committed 85160K, reserved 1122304K
  class space    used 11310K, capacity 12119K, committed 12200K, reserved 1048576K
GC Heap History (10 events):
Event: 17.941 GC heap before
{Heap before GC invocations=11 (full 2):
 PSYoungGen      total 177152K, used 176861K [0x00000000d5580000, 0x00000000e2500000, 0x0000000100000000)
  eden space 167424K, 100% used [0x00000000d5580000,0x00000000df900000,0x00000000df900000)
  from space 9728K, 97% used [0x00000000e1b80000,0x00000000e24b7738,0x00000000e2500000)
  to   space 12288K, 0% used [0x00000000e0d00000,0x00000000e0d00000,0x00000000e1900000)
 ParOldGen       total 134144K, used 14353K [0x0000000080000000, 0x0000000088300000, 0x00000000d5580000)
  object space 134144K, 10% used [0x0000000080000000,0x0000000080e047f0,0x0000000088300000)
 Metaspace       used 49434K, capacity 51636K, committed 51880K, reserved 1093632K
  class space    used 6827K, capacity 7288K, committed 7336K, reserved 1048576K
Event: 17.964 GC heap after
Heap after GC invocations=11 (full 2):
 PSYoungGen      total 200192K, used 12276K [0x00000000d5580000, 0x00000000e4e80000, 0x0000000100000000)
  eden space 187904K, 0% used [0x00000000d5580000,0x00000000d5580000,0x00000000e0d00000)
  from space 12288K, 99% used [0x00000000e0d00000,0x00000000e18fd310,0x00000000e1900000)
  to   space 17920K, 0% used [0x00000000e3d00000,0x00000000e3d00000,0x00000000e4e80000)
 ParOldGen       total 134144K, used 25247K [0x0000000080000000, 0x0000000088300000, 0x00000000d5580000)
  object space 134144K, 18% used [0x0000000080000000,0x00000000818a7e78,0x0000000088300000)
 Metaspace       used 49434K, capacity 51636K, committed 51880K, reserved 1093632K
  class space    used 6827K, capacity 7288K, committed 7336K, reserved 1048576K
}
Event: 19.498 GC heap before
{Heap before GC invocations=12 (full 2):
 PSYoungGen      total 200192K, used 144500K [0x00000000d5580000, 0x00000000e4e80000, 0x0000000100000000)
  eden space 187904K, 70% used [0x00000000d5580000,0x00000000dd69ffe8,0x00000000e0d00000)
  from space 12288K, 99% used [0x00000000e0d00000,0x00000000e18fd310,0x00000000e1900000)
  to   space 17920K, 0% used [0x00000000e3d00000,0x00000000e3d00000,0x00000000e4e80000)
 ParOldGen       total 134144K, used 25247K [0x0000000080000000, 0x0000000088300000, 0x00000000d5580000)
  object space 134144K, 18% used [0x0000000080000000,0x00000000818a7e78,0x0000000088300000)
 Metaspace       used 56668K, capacity 59050K, committed 59160K, reserved 1099776K
  class space    used 7809K, capacity 8308K, committed 8360K, reserved 1048576K
Event: 19.529 GC heap after
Heap after GC invocations=12 (full 2):
 PSYoungGen      total 231936K, used 17911K [0x00000000d5580000, 0x00000000e7380000, 0x0000000100000000)
  eden space 214016K, 0% used [0x00000000d5580000,0x00000000d5580000,0x00000000e2680000)
  from space 17920K, 99% used [0x00000000e3d00000,0x00000000e4e7dfa0,0x00000000e4e80000)
  to   space 23040K, 0% used [0x00000000e2680000,0x00000000e2680000,0x00000000e3d00000)
 ParOldGen       total 134144K, used 33409K [0x0000000080000000, 0x0000000088300000, 0x00000000d5580000)
  object space 134144K, 24% used [0x0000000080000000,0x00000000820a0418,0x0000000088300000)
 Metaspace       used 56668K, capacity 59050K, committed 59160K, reserved 1099776K
  class space    used 7809K, capacity 8308K, committed 8360K, reserved 1048576K
}
Event: 19.529 GC heap before
{Heap before GC invocations=13 (full 3):
 PSYoungGen      total 231936K, used 17911K [0x00000000d5580000, 0x00000000e7380000, 0x0000000100000000)
  eden space 214016K, 0% used [0x00000000d5580000,0x00000000d5580000,0x00000000e2680000)
  from space 17920K, 99% used [0x00000000e3d00000,0x00000000e4e7dfa0,0x00000000e4e80000)
  to   space 23040K, 0% used [0x00000000e2680000,0x00000000e2680000,0x00000000e3d00000)
 ParOldGen       total 134144K, used 33409K [0x0000000080000000, 0x0000000088300000, 0x00000000d5580000)
  object space 134144K, 24% used [0x0000000080000000,0x00000000820a0418,0x0000000088300000)
 Metaspace       used 56668K, capacity 59050K, committed 59160K, reserved 1099776K
  class space    used 7809K, capacity 8308K, committed 8360K, reserved 1048576K
Event: 19.895 GC heap after
Heap after GC invocations=13 (full 3):
 PSYoungGen      total 231936K, used 0K [0x00000000d5580000, 0x00000000e7380000, 0x0000000100000000)
  eden space 214016K, 0% used [0x00000000d5580000,0x00000000d5580000,0x00000000e2680000)
  from space 17920K, 0% used [0x00000000e3d00000,0x00000000e3d00000,0x00000000e4e80000)
  to   space 23040K, 0% used [0x00000000e2680000,0x00000000e2680000,0x00000000e3d00000)
 ParOldGen       total 207360K, used 41660K [0x0000000080000000, 0x000000008ca80000, 0x00000000d5580000)
  object space 207360K, 20% used [0x0000000080000000,0x00000000828af1f0,0x000000008ca80000)
 Metaspace       used 56620K, capacity 58888K, committed 59160K, reserved 1099776K
  class space    used 7794K, capacity 8281K, committed 8360K, reserved 1048576K
}
Event: 23.243 GC heap before
{Heap before GC invocations=14 (full 3):
 PSYoungGen      total 231936K, used 214016K [0x00000000d5580000, 0x00000000e7380000, 0x0000000100000000)
  eden space 214016K, 100% used [0x00000000d5580000,0x00000000e2680000,0x00000000e2680000)
  from space 17920K, 0% used [0x00000000e3d00000,0x00000000e3d00000,0x00000000e4e80000)
  to   space 23040K, 0% used [0x00000000e2680000,0x00000000e2680000,0x00000000e3d00000)
 ParOldGen       total 207360K, used 41660K [0x0000000080000000, 0x000000008ca80000, 0x00000000d5580000)
  object space 207360K, 20% used [0x0000000080000000,0x00000000828af1f0,0x000000008ca80000)
 Metaspace       used 69614K, capacity 72606K, committed 72744K, reserved 1112064K
  class space    used 9797K, capacity 10456K, committed 10536K, reserved 1048576K
Event: 23.268 GC heap after
Heap after GC invocations=14 (full 3):
 PSYoungGen      total 237056K, used 23024K [0x00000000d5580000, 0x00000000e9000000, 0x0000000100000000)
  eden space 214016K, 0% used [0x00000000d5580000,0x00000000d5580000,0x00000000e2680000)
  from space 23040K, 99% used [0x00000000e2680000,0x00000000e3cfc2a8,0x00000000e3d00000)
  to   space 27648K, 0% used [0x00000000e7500000,0x00000000e7500000,0x00000000e9000000)
 ParOldGen       total 207360K, used 46661K [0x0000000080000000, 0x000000008ca80000, 0x00000000d5580000)
  object space 207360K, 22% used [0x0000000080000000,0x0000000082d915f8,0x000000008ca80000)
 Metaspace       used 69614K, capacity 72606K, committed 72744K, reserved 1112064K
  class space    used 9797K, capacity 10456K, committed 10536K, reserved 1048576K
}
Event: 25.732 GC heap before
{Heap before GC invocations=15 (full 3):
 PSYoungGen      total 237056K, used 237040K [0x00000000d5580000, 0x00000000e9000000, 0x0000000100000000)
  eden space 214016K, 100% used [0x00000000d5580000,0x00000000e2680000,0x00000000e2680000)
  from space 23040K, 99% used [0x00000000e2680000,0x00000000e3cfc2a8,0x00000000e3d00000)
  to   space 27648K, 0% used [0x00000000e7500000,0x00000000e7500000,0x00000000e9000000)
 ParOldGen       total 207360K, used 46661K [0x0000000080000000, 0x000000008ca80000, 0x00000000d5580000)
  object space 207360K, 22% used [0x0000000080000000,0x0000000082d915f8,0x000000008ca80000)
 Metaspace       used 75921K, capacity 79928K, committed 80040K, reserved 1118208K
  class space    used 10628K, capacity 11383K, committed 11432K, reserved 1048576K
Event: 25.756 GC heap after
Heap after GC invocations=15 (full 3):
 PSYoungGen      total 291328K, used 20204K [0x00000000d5580000, 0x00000000e8f80000, 0x0000000100000000)
  eden space 264192K, 0% used [0x00000000d5580000,0x00000000d5580000,0x00000000e5780000)
  from space 27136K, 74% used [0x00000000e7500000,0x00000000e88bb098,0x00000000e8f80000)
  to   space 28672K, 0% used [0x00000000e5780000,0x00000000e5780000,0x00000000e7380000)
 ParOldGen       total 207360K, used 64671K [0x0000000080000000, 0x000000008ca80000, 0x00000000d5580000)
  object space 207360K, 31% used [0x0000000080000000,0x0000000083f27f68,0x000000008ca80000)
 Metaspace       used 75921K, capacity 79928K, committed 80040K, reserved 1118208K
  class space    used 10628K, capacity 11383K, committed 11432K, reserved 1048576K
}

